<?xml version="1.0" encoding="UTF-8"?>
<testng-results ignored="0" total="2" passed="2" failed="0" skipped="0">
  <reporter-output>
  </reporter-output>
  <suite started-at="2022-02-16T22:21:40 IST" name="Default suite" finished-at="2022-02-16T22:21:58 IST" duration-ms="17729">
    <groups>
    </groups>
    <test started-at="2022-02-16T22:21:40 IST" name="Default test" finished-at="2022-02-16T22:21:58 IST" duration-ms="17729">
      <class name="com.qa.demo.AutoTests.SearchTest">
        <test-method is-config="true" signature="launchAndLogin()[pri:0, instance:com.qa.demo.AutoTests.SearchTest@55634720]" started-at="2022-02-16T22:21:40 IST" name="launchAndLogin" finished-at="2022-02-16T22:21:50 IST" duration-ms="10324" status="PASS">
          <reporter-output>
          </reporter-output>
        </test-method> <!-- launchAndLogin -->
        <test-method signature="searchtest(java.lang.String,java.lang.String,java.lang.String)[pri:0, instance:com.qa.demo.AutoTests.SearchTest@55634720]" started-at="2022-02-16T22:21:50 IST" name="searchtest" data-provider="dp" finished-at="2022-02-16T22:21:54 IST" duration-ms="3470" status="PASS">
          <params>
            <param index="0">
              <value>
                <![CDATA[abc@aqq.in]]>
              </value>
            </param>
            <param index="1">
              <value>
                <![CDATA[@aaaaaaaaaa]]>
              </value>
            </param>
            <param index="2">
              <value>
                <![CDATA[Headphone]]>
              </value>
            </param>
          </params>
          <reporter-output>
          </reporter-output>
        </test-method> <!-- searchtest -->
        <test-method signature="searchtest(java.lang.String,java.lang.String,java.lang.String)[pri:0, instance:com.qa.demo.AutoTests.SearchTest@55634720]" started-at="2022-02-16T22:21:54 IST" name="searchtest" data-provider="dp" finished-at="2022-02-16T22:21:57 IST" duration-ms="3369" status="PASS">
          <params>
            <param index="0">
              <value>
                <![CDATA[abc@aqq.in]]>
              </value>
            </param>
            <param index="1">
              <value>
                <![CDATA[@aaaaaaaaaa]]>
              </value>
            </param>
            <param index="2">
              <value>
                <![CDATA[Bracelet]]>
              </value>
            </param>
          </params>
          <reporter-output>
          </reporter-output>
        </test-method> <!-- searchtest -->
        <test-method is-config="true" signature="close()[pri:0, instance:com.qa.demo.AutoTests.SearchTest@55634720]" started-at="2022-02-16T22:21:57 IST" name="close" finished-at="2022-02-16T22:21:58 IST" duration-ms="472" status="PASS">
          <reporter-output>
          </reporter-output>
        </test-method> <!-- close -->
      </class> <!-- com.qa.demo.AutoTests.SearchTest -->
    </test> <!-- Default test -->
  </suite> <!-- Default suite -->
</testng-results>
